{
  "stats": {
    "suites": 1,
    "tests": 3,
    "passes": 3,
    "pending": 0,
    "failures": 0,
    "start": "2020-12-22T21:59:54.355Z",
    "end": "2020-12-22T21:59:58.334Z",
    "duration": 3979,
    "testsRegistered": 3,
    "passPercent": 100,
    "pendingPercent": 0,
    "other": 0,
    "hasOther": false,
    "skipped": 0,
    "hasSkipped": false
  },
  "results": [
    {
      "uuid": "c8312fcc-ba7a-4ce3-86db-803298350623",
      "title": "",
      "fullFile": "cypress/integration/examples/navigation.spec.js",
      "file": "cypress/integration/examples/navigation.spec.js",
      "beforeHooks": [],
      "afterHooks": [],
      "tests": [],
      "suites": [
        {
          "uuid": "5f281528-8b88-42eb-ab12-16cf847c1d0c",
          "title": "Navigation",
          "fullFile": "",
          "file": "",
          "beforeHooks": [],
          "afterHooks": [],
          "tests": [
            {
              "title": "cy.go() - go back or forward in the browser's history",
              "fullTitle": "Navigation cy.go() - go back or forward in the browser's history",
              "timedOut": null,
              "duration": 1842,
              "state": "passed",
              "speed": "slow",
              "pass": true,
              "fail": false,
              "pending": false,
              "context": null,
              "code": "// https://on.cypress.io/go\ncy.location('pathname').should('include', 'navigation');\ncy.go('back');\ncy.location('pathname').should('not.include', 'navigation');\ncy.go('forward');\ncy.location('pathname').should('include', 'navigation'); // clicking back\ncy.go(-1);\ncy.location('pathname').should('not.include', 'navigation'); // clicking forward\ncy.go(1);\ncy.location('pathname').should('include', 'navigation');",
              "err": {},
              "uuid": "dba21e8b-940f-4d3d-aa35-29b3971b555e",
              "parentUUID": "5f281528-8b88-42eb-ab12-16cf847c1d0c",
              "isHook": false,
              "skipped": false
            },
            {
              "title": "cy.reload() - reload the page",
              "fullTitle": "Navigation cy.reload() - reload the page",
              "timedOut": null,
              "duration": 438,
              "state": "passed",
              "speed": "slow",
              "pass": true,
              "fail": false,
              "pending": false,
              "context": null,
              "code": "// https://on.cypress.io/reload\ncy.reload(); // reload the page without using the cache\ncy.reload(true);",
              "err": {},
              "uuid": "01b5206c-989b-4f3b-a7ee-3015e5f415e6",
              "parentUUID": "5f281528-8b88-42eb-ab12-16cf847c1d0c",
              "isHook": false,
              "skipped": false
            },
            {
              "title": "cy.visit() - visit a remote url",
              "fullTitle": "Navigation cy.visit() - visit a remote url",
              "timedOut": null,
              "duration": 445,
              "state": "passed",
              "speed": "slow",
              "pass": true,
              "fail": false,
              "pending": false,
              "context": null,
              "code": "// https://on.cypress.io/visit\n// Visit any sub-domain of your current domain\n// Pass options to the visit\ncy.visit('https://example.cypress.io/commands/navigation', {\n  timeout: 50000,\n  // increase total time for the visit to resolve\n  onBeforeLoad: function onBeforeLoad(contentWindow) {\n    // contentWindow is the remote page's window object\n    expect((0, _typeof2[\"default\"])(contentWindow) === 'object').to.be[\"true\"];\n  },\n  onLoad: function onLoad(contentWindow) {\n    // contentWindow is the remote page's window object\n    expect((0, _typeof2[\"default\"])(contentWindow) === 'object').to.be[\"true\"];\n  }\n});",
              "err": {},
              "uuid": "b5cb6eb3-d35a-4b53-8923-24dead9b681b",
              "parentUUID": "5f281528-8b88-42eb-ab12-16cf847c1d0c",
              "isHook": false,
              "skipped": false
            }
          ],
          "suites": [],
          "passes": [
            "dba21e8b-940f-4d3d-aa35-29b3971b555e",
            "01b5206c-989b-4f3b-a7ee-3015e5f415e6",
            "b5cb6eb3-d35a-4b53-8923-24dead9b681b"
          ],
          "failures": [],
          "pending": [],
          "skipped": [],
          "duration": 2725,
          "root": false,
          "rootEmpty": false,
          "_timeout": 2000
        }
      ],
      "passes": [],
      "failures": [],
      "pending": [],
      "skipped": [],
      "duration": 0,
      "root": true,
      "rootEmpty": true,
      "_timeout": 2000
    }
  ],
  "meta": {
    "mocha": {
      "version": "7.0.1"
    },
    "mochawesome": {
      "options": {
        "quiet": true,
        "reportFilename": "mochawesome",
        "saveHtml": false,
        "saveJson": true,
        "consoleReporter": "spec",
        "useInlineDiffs": false,
        "code": true
      },
      "version": "6.2.1"
    },
    "marge": {
      "options": {
        "id": "default",
        "reportDir": "mochawesome-report",
        "quiet": true,
        "overwrite": false,
        "html": false,
        "json": true
      },
      "version": "5.1.0"
    }
  }
}